{
  "RSpec": {
    "coverage": {
      "/Users/soumyaray/Sync/Dropbox/ossdev/classes/SEC-class/projects/credence2024/api-credence/spec/test_load_all.rb": {
        "lines": [
          null,
          null,
          null,
          null,
          1,
          1,
          null,
          1,
          null,
          1,
          1,
          1,
          null
        ]
      },
      "/Users/soumyaray/Sync/Dropbox/ossdev/classes/SEC-class/projects/credence2024/api-credence/require_app.rb": {
        "lines": [
          null,
          null,
          null,
          null,
          null,
          null,
          null,
          null,
          null,
          1,
          null,
          8,
          2,
          2,
          null,
          2,
          40,
          null,
          null
        ]
      },
      "/Users/soumyaray/Sync/Dropbox/ossdev/classes/SEC-class/projects/credence2024/api-credence/config/environments.rb": {
        "lines": [
          null,
          null,
          1,
          1,
          1,
          1,
          1,
          null,
          1,
          null,
          1,
          1,
          null,
          null,
          1,
          null,
          1,
          null,
          null,
          null,
          1,
          1,
          null,
          null,
          1,
          1,
          1,
          null,
          null,
          1,
          0,
          null,
          null,
          null,
          1,
          1,
          null,
          null,
          1,
          1,
          null,
          null,
          null,
          1,
          1,
          1,
          null,
          null,
          null
        ]
      },
      "/Users/soumyaray/Sync/Dropbox/ossdev/classes/SEC-class/projects/credence2024/api-credence/app/lib/auth_scope.rb": {
        "lines": [
          null,
          null,
          null,
          1,
          1,
          1,
          1,
          1,
          1,
          null,
          1,
          1,
          null,
          1,
          48,
          48,
          97,
          null,
          null,
          1,
          14,
          null,
          null,
          1,
          30,
          null,
          null,
          1,
          25,
          null,
          null,
          1,
          null,
          1,
          19,
          null,
          null,
          1,
          56,
          null,
          null,
          1,
          67,
          null,
          null,
          1,
          49,
          49,
          49,
          null,
          null
        ]
      },
      "/Users/soumyaray/Sync/Dropbox/ossdev/classes/SEC-class/projects/credence2024/api-credence/app/lib/auth_token.rb": {
        "lines": [
          null,
          null,
          1,
          1,
          1,
          null,
          null,
          null,
          null,
          null,
          null,
          1,
          1,
          null,
          1,
          1,
          1,
          1,
          1,
          null,
          1,
          1,
          null,
          null,
          1,
          19,
          19,
          19,
          19,
          19,
          null,
          null,
          null,
          1,
          38,
          null,
          0,
          null,
          null,
          null,
          1,
          null,
          null,
          1,
          19,
          null,
          null,
          1,
          19,
          null,
          null,
          1,
          null,
          null,
          1,
          25,
          null,
          null,
          null,
          null,
          null,
          null,
          null,
          1,
          25,
          null,
          25,
          25,
          25,
          null,
          null,
          null,
          1,
          19,
          null,
          19,
          19,
          19,
          null,
          0,
          null,
          null,
          1,
          25,
          null,
          null
        ]
      },
      "/Users/soumyaray/Sync/Dropbox/ossdev/classes/SEC-class/projects/credence2024/api-credence/app/lib/securable.rb": {
        "lines": [
          null,
          null,
          1,
          1,
          null,
          null,
          1,
          1,
          null,
          null,
          1,
          0,
          0,
          null,
          null,
          null,
          1,
          2,
          null,
          2,
          null,
          null,
          1,
          73,
          null,
          null,
          null,
          1,
          44,
          44,
          null,
          null,
          null,
          1,
          29,
          29,
          null,
          null
        ]
      },
      "/Users/soumyaray/Sync/Dropbox/ossdev/classes/SEC-class/projects/credence2024/api-credence/app/lib/key_stretch.rb": {
        "lines": [
          null,
          null,
          1,
          1,
          null,
          null,
          1,
          1,
          75,
          null,
          null,
          1,
          103,
          103,
          103,
          null,
          103,
          null,
          null,
          null,
          null,
          null
        ]
      },
      "/Users/soumyaray/Sync/Dropbox/ossdev/classes/SEC-class/projects/credence2024/api-credence/app/lib/secure_db.rb": {
        "lines": [
          null,
          null,
          1,
          null,
          null,
          1,
          1,
          null,
          null,
          1,
          19,
          null,
          19,
          19,
          null,
          null,
          null,
          1,
          10,
          null,
          10,
          10,
          null,
          null
        ]
      },
      "/Users/soumyaray/Sync/Dropbox/ossdev/classes/SEC-class/projects/credence2024/api-credence/app/lib/signed_request.rb": {
        "lines": [
          null,
          null,
          1,
          1,
          null,
          null,
          1,
          1,
          null,
          1,
          13,
          13,
          null,
          null,
          1,
          0,
          0,
          null,
          0,
          null,
          null,
          null,
          1,
          7,
          7,
          null,
          null,
          null,
          1,
          6,
          6,
          null,
          6,
          null,
          6,
          null,
          null,
          1,
          null,
          1,
          7,
          6,
          6,
          null,
          1,
          null,
          null
        ]
      },
      "/Users/soumyaray/Sync/Dropbox/ossdev/classes/SEC-class/projects/credence2024/api-credence/app/models/account.rb": {
        "lines": [
          null,
          null,
          1,
          1,
          1,
          null,
          1,
          null,
          1,
          1,
          1,
          null,
          null,
          null,
          null,
          1,
          null,
          null,
          null,
          1,
          1,
          null,
          1,
          null,
          1,
          1,
          null,
          null,
          null,
          1,
          4,
          null,
          null,
          1,
          72,
          null,
          null,
          1,
          26,
          26,
          null,
          null,
          1,
          33,
          null,
          null,
          null,
          null,
          null,
          null,
          null,
          null,
          null,
          null,
          null
        ]
      },
      "/Users/soumyaray/Sync/Dropbox/ossdev/classes/SEC-class/projects/credence2024/api-credence/app/models/password.rb": {
        "lines": [
          null,
          null,
          1,
          1,
          null,
          1,
          null,
          1,
          1,
          null,
          1,
          103,
          103,
          null,
          null,
          1,
          28,
          28,
          null,
          null,
          1,
          75,
          null,
          null,
          null,
          null,
          1,
          null,
          1,
          75,
          75,
          75,
          null,
          null,
          1,
          28,
          28,
          28,
          28,
          null,
          null,
          null
        ]
      },
      "/Users/soumyaray/Sync/Dropbox/ossdev/classes/SEC-class/projects/credence2024/api-credence/app/models/document.rb": {
        "lines": [
          null,
          null,
          1,
          1,
          null,
          1,
          null,
          1,
          1,
          null,
          1,
          1,
          null,
          1,
          1,
          null,
          null,
          1,
          4,
          null,
          null,
          1,
          8,
          null,
          null,
          1,
          4,
          null,
          null,
          1,
          8,
          null,
          null,
          null,
          1,
          2,
          null,
          null,
          null,
          null,
          null,
          null,
          null,
          null,
          null,
          null,
          null,
          null,
          null,
          null,
          null,
          null,
          null,
          null
        ]
      },
      "/Users/soumyaray/Sync/Dropbox/ossdev/classes/SEC-class/projects/credence2024/api-credence/app/models/github_account.rb": {
        "lines": [
          null,
          null,
          1,
          null,
          1,
          1,
          2,
          null,
          null,
          1,
          2,
          null,
          null,
          1,
          2,
          null,
          null,
          null
        ]
      },
      "/Users/soumyaray/Sync/Dropbox/ossdev/classes/SEC-class/projects/credence2024/api-credence/app/models/project.rb": {
        "lines": [
          null,
          null,
          1,
          1,
          null,
          1,
          null,
          1,
          1,
          null,
          1,
          null,
          null,
          null,
          null,
          1,
          null,
          1,
          null,
          null,
          null,
          1,
          1,
          1,
          null,
          1,
          null,
          6,
          null,
          null,
          null,
          null,
          null,
          null,
          null,
          null,
          1,
          1,
          null,
          null,
          null,
          null,
          null,
          null,
          null,
          null,
          1,
          5,
          null,
          null,
          null
        ]
      },
      "/Users/soumyaray/Sync/Dropbox/ossdev/classes/SEC-class/projects/credence2024/api-credence/app/policies/account_policy.rb": {
        "lines": [
          null,
          null,
          null,
          1,
          1,
          1,
          1,
          null,
          null,
          1,
          2,
          null,
          null,
          1,
          0,
          null,
          null,
          1,
          0,
          null,
          null,
          1,
          null,
          0,
          null,
          null,
          null,
          null,
          null,
          1,
          null,
          1,
          2,
          null,
          null
        ]
      },
      "/Users/soumyaray/Sync/Dropbox/ossdev/classes/SEC-class/projects/credence2024/api-credence/app/policies/collaboration_request_policy.rb": {
        "lines": [
          null,
          null,
          1,
          null,
          1,
          1,
          6,
          6,
          6,
          6,
          6,
          6,
          null,
          null,
          1,
          4,
          3,
          null,
          null,
          1,
          2,
          2,
          null,
          null,
          1,
          null,
          1,
          6,
          null,
          null,
          1,
          2,
          null,
          null,
          null
        ]
      },
      "/Users/soumyaray/Sync/Dropbox/ossdev/classes/SEC-class/projects/credence2024/api-credence/app/policies/document_policy.rb": {
        "lines": [
          null,
          null,
          null,
          1,
          1,
          2,
          2,
          2,
          null,
          null,
          1,
          2,
          null,
          null,
          1,
          0,
          null,
          null,
          1,
          0,
          null,
          null,
          1,
          null,
          0,
          null,
          null,
          null,
          null,
          null,
          1,
          null,
          1,
          2,
          null,
          null,
          1,
          0,
          null,
          null,
          1,
          2,
          null,
          null,
          1,
          1,
          null,
          null
        ]
      },
      "/Users/soumyaray/Sync/Dropbox/ossdev/classes/SEC-class/projects/credence2024/api-credence/app/policies/project_policy.rb": {
        "lines": [
          null,
          null,
          1,
          null,
          1,
          1,
          17,
          17,
          17,
          null,
          null,
          1,
          3,
          null,
          null,
          null,
          1,
          1,
          null,
          null,
          1,
          1,
          null,
          null,
          1,
          1,
          null,
          null,
          1,
          4,
          null,
          null,
          1,
          1,
          null,
          null,
          1,
          4,
          null,
          null,
          1,
          3,
          null,
          null,
          1,
          4,
          null,
          null,
          1,
          null,
          1,
          null,
          null,
          null,
          null,
          null,
          null,
          null,
          null,
          null,
          null,
          null,
          1,
          null,
          1,
          3,
          null,
          null,
          1,
          14,
          null,
          null,
          1,
          21,
          null,
          null,
          1,
          5,
          null,
          null,
          null
        ]
      },
      "/Users/soumyaray/Sync/Dropbox/ossdev/classes/SEC-class/projects/credence2024/api-credence/app/policies/project_scopes.rb": {
        "lines": [
          null,
          null,
          1,
          null,
          1,
          null,
          1,
          1,
          1,
          1,
          1,
          1,
          null,
          null,
          1,
          1,
          1,
          null,
          0,
          0,
          null,
          null,
          null,
          null,
          1,
          null,
          1,
          1,
          null,
          null,
          1,
          0,
          null,
          null,
          null,
          null
        ]
      },
      "/Users/soumyaray/Sync/Dropbox/ossdev/classes/SEC-class/projects/credence2024/api-credence/app/services/add_collaborator.rb": {
        "lines": [
          null,
          null,
          1,
          null,
          1,
          null,
          1,
          1,
          1,
          null,
          null,
          null,
          1,
          4,
          4,
          null,
          null,
          4,
          null,
          2,
          2,
          null,
          null,
          null
        ]
      },
      "/Users/soumyaray/Sync/Dropbox/ossdev/classes/SEC-class/projects/credence2024/api-credence/app/services/authenticate_account.rb": {
        "lines": [
          null,
          null,
          1,
          null,
          1,
          null,
          1,
          1,
          3,
          3,
          null,
          null,
          1,
          0,
          null,
          null,
          null,
          1,
          25,
          25,
          null,
          22,
          null,
          3,
          null,
          null,
          1,
          null,
          22,
          null,
          null,
          null,
          null,
          null,
          null,
          null,
          null
        ]
      },
      "/Users/soumyaray/Sync/Dropbox/ossdev/classes/SEC-class/projects/credence2024/api-credence/app/services/authorize_account.rb": {
        "lines": [
          null,
          null,
          1,
          null,
          1,
          null,
          1,
          1,
          0,
          null,
          null,
          null,
          1,
          1,
          1,
          1,
          null,
          1,
          null,
          1,
          null,
          null,
          1,
          null,
          1,
          null,
          null,
          null,
          null,
          null,
          null,
          null,
          null
        ]
      },
      "/Users/soumyaray/Sync/Dropbox/ossdev/classes/SEC-class/projects/credence2024/api-credence/app/services/authorize_sso.rb": {
        "lines": [
          null,
          null,
          1,
          null,
          1,
          null,
          1,
          1,
          2,
          2,
          null,
          2,
          null,
          null,
          1,
          2,
          null,
          null,
          null,
          null,
          null,
          2,
          null,
          2,
          2,
          null,
          null,
          1,
          2,
          null,
          null,
          null,
          1,
          null,
          2,
          null,
          null,
          null,
          null,
          null,
          null,
          null,
          null
        ]
      },
      "/Users/soumyaray/Sync/Dropbox/ossdev/classes/SEC-class/projects/credence2024/api-credence/app/services/create_document.rb": {
        "lines": [
          null,
          null,
          1,
          null,
          1,
          null,
          1,
          1,
          1,
          null,
          null,
          null,
          null,
          1,
          1,
          1,
          null,
          null,
          null,
          1,
          3,
          3,
          null,
          2,
          null,
          1,
          null,
          null,
          null
        ]
      },
      "/Users/soumyaray/Sync/Dropbox/ossdev/classes/SEC-class/projects/credence2024/api-credence/app/services/create_project_for_owner.rb": {
        "lines": [
          null,
          null,
          1,
          null,
          1,
          null,
          1,
          1,
          0,
          null,
          null,
          null,
          1,
          2,
          null,
          2,
          null,
          null,
          null
        ]
      },
      "/Users/soumyaray/Sync/Dropbox/ossdev/classes/SEC-class/projects/credence2024/api-credence/app/services/get_document_query.rb": {
        "lines": [
          null,
          null,
          1,
          null,
          1,
          null,
          1,
          1,
          1,
          null,
          null,
          null,
          null,
          1,
          1,
          1,
          null,
          null,
          null,
          null,
          1,
          3,
          null,
          2,
          2,
          null,
          1,
          null,
          null,
          null
        ]
      },
      "/Users/soumyaray/Sync/Dropbox/ossdev/classes/SEC-class/projects/credence2024/api-credence/app/services/get_project_query.rb": {
        "lines": [
          null,
          null,
          1,
          null,
          1,
          null,
          1,
          1,
          1,
          null,
          null,
          null,
          null,
          1,
          1,
          2,
          null,
          null,
          null,
          1,
          4,
          null,
          2,
          2,
          null,
          1,
          null,
          null,
          null
        ]
      },
      "/Users/soumyaray/Sync/Dropbox/ossdev/classes/SEC-class/projects/credence2024/api-credence/app/services/remove_collaborator.rb": {
        "lines": [
          null,
          null,
          1,
          null,
          1,
          null,
          1,
          1,
          1,
          null,
          null,
          null,
          1,
          2,
          2,
          null,
          2,
          null,
          null,
          2,
          null,
          1,
          1,
          null,
          null,
          null
        ]
      },
      "/Users/soumyaray/Sync/Dropbox/ossdev/classes/SEC-class/projects/credence2024/api-credence/app/services/verify_registration.rb": {
        "lines": [
          null,
          null,
          1,
          null,
          1,
          null,
          null,
          null,
          1,
          null,
          1,
          1,
          null,
          1,
          0,
          null,
          null,
          null,
          1,
          1,
          1,
          null,
          null,
          1,
          0,
          0,
          null,
          0,
          null,
          null,
          1,
          0,
          null,
          null,
          1,
          0,
          null,
          null,
          1,
          0,
          null,
          null,
          null,
          null,
          null,
          null,
          null,
          1,
          null,
          0,
          null,
          null,
          null,
          null,
          null,
          null,
          null,
          null,
          null,
          null,
          null,
          1,
          0,
          null,
          0,
          null,
          0,
          null,
          null,
          null,
          null
        ]
      },
      "/Users/soumyaray/Sync/Dropbox/ossdev/classes/SEC-class/projects/credence2024/api-credence/app/controllers/accounts.rb": {
        "lines": [
          null,
          null,
          1,
          1,
          null,
          1,
          null,
          1,
          1,
          4,
          4,
          1,
          null,
          null,
          1,
          1,
          null,
          null,
          null,
          1,
          null,
          0,
          null,
          0,
          0,
          null,
          null,
          null,
          null,
          3,
          3,
          2,
          null,
          1,
          1,
          1,
          null,
          1,
          1,
          null,
          1,
          null,
          0,
          0,
          null,
          null,
          null,
          null
        ]
      },
      "/Users/soumyaray/Sync/Dropbox/ossdev/classes/SEC-class/projects/credence2024/api-credence/app/controllers/app.rb": {
        "lines": [
          null,
          null,
          1,
          1,
          1,
          null,
          1,
          null,
          1,
          1,
          1,
          1,
          1,
          null,
          1,
          null,
          1,
          null,
          1,
          32,
          null,
          32,
          null,
          null,
          null,
          32,
          32,
          null,
          0,
          null,
          0,
          null,
          null,
          32,
          1,
          null,
          null,
          31,
          31,
          31,
          31,
          null,
          null,
          null,
          null,
          null
        ]
      },
      "/Users/soumyaray/Sync/Dropbox/ossdev/classes/SEC-class/projects/credence2024/api-credence/app/controllers/helpers.rb": {
        "lines": [
          null,
          null,
          1,
          null,
          1,
          1,
          1,
          null,
          1,
          32,
          null,
          null,
          1,
          32,
          null,
          18,
          18,
          null,
          18,
          null,
          null,
          1,
          18,
          18,
          null,
          18,
          null,
          null,
          null,
          null
        ]
      },
      "/Users/soumyaray/Sync/Dropbox/ossdev/classes/SEC-class/projects/credence2024/api-credence/app/controllers/auth.rb": {
        "lines": [
          null,
          null,
          1,
          1,
          null,
          1,
          null,
          1,
          1,
          null,
          null,
          4,
          null,
          0,
          null,
          null,
          4,
          null,
          0,
          0,
          null,
          0,
          0,
          null,
          0,
          null,
          0,
          0,
          null,
          0,
          0,
          null,
          null,
          null,
          4,
          null,
          2,
          2,
          1,
          null,
          1,
          null,
          null,
          null,
          null,
          2,
          2,
          2,
          null,
          0,
          null,
          0,
          null,
          null,
          null,
          null
        ]
      },
      "/Users/soumyaray/Sync/Dropbox/ossdev/classes/SEC-class/projects/credence2024/api-credence/app/controllers/documents.rb": {
        "lines": [
          null,
          null,
          1,
          null,
          1,
          null,
          1,
          1,
          4,
          1,
          null,
          null,
          3,
          null,
          null,
          3,
          3,
          null,
          3,
          3,
          null,
          null,
          null,
          1,
          null,
          1,
          null,
          1,
          null,
          0,
          0,
          null,
          null,
          null,
          null,
          null
        ]
      },
      "/Users/soumyaray/Sync/Dropbox/ossdev/classes/SEC-class/projects/credence2024/api-credence/app/controllers/projects.rb": {
        "lines": [
          null,
          null,
          1,
          null,
          null,
          1,
          null,
          1,
          null,
          1,
          19,
          null,
          14,
          14,
          11,
          null,
          null,
          11,
          4,
          null,
          1,
          null,
          1,
          null,
          2,
          null,
          0,
          0,
          null,
          null,
          7,
          null,
          3,
          3,
          null,
          null,
          null,
          null,
          null,
          1,
          1,
          1,
          null,
          1,
          null,
          1,
          null,
          0,
          0,
          null,
          null,
          null,
          4,
          null,
          4,
          2,
          null,
          2,
          null,
          null,
          null,
          null,
          null,
          1,
          null,
          1,
          null,
          0,
          null,
          null,
          null,
          2,
          2,
          2,
          null,
          null,
          null,
          null,
          null,
          1,
          null,
          null,
          1,
          null,
          0,
          null,
          null,
          null,
          null,
          3,
          null,
          3,
          1,
          null,
          1,
          null,
          0,
          null,
          null,
          null,
          2,
          2,
          null,
          2,
          null,
          null,
          null,
          1,
          1,
          1,
          null,
          1,
          1,
          null,
          0,
          null,
          0,
          0,
          null,
          null,
          null,
          null,
          null,
          null,
          null
        ]
      },
      "/Users/soumyaray/Sync/Dropbox/ossdev/classes/SEC-class/projects/credence2024/api-credence/spec/integration/api_accounts_spec.rb": {
        "lines": [
          null,
          null,
          1,
          null,
          1,
          1,
          null,
          1,
          4,
          4,
          null,
          null,
          1,
          1,
          1,
          1,
          null,
          1,
          1,
          1,
          null,
          1,
          1,
          1,
          1,
          1,
          1,
          1,
          null,
          null,
          null,
          1,
          1,
          3,
          null,
          null,
          1,
          1,
          null,
          1,
          1,
          null,
          1,
          1,
          null,
          1,
          1,
          1,
          1,
          null,
          null,
          1,
          1,
          1,
          1,
          null,
          null,
          1,
          1,
          null,
          null,
          1,
          1,
          1,
          1,
          null,
          null,
          null
        ]
      },
      "/Users/soumyaray/Sync/Dropbox/ossdev/classes/SEC-class/projects/credence2024/api-credence/spec/integration/api_auth_spec.rb": {
        "lines": [
          null,
          null,
          1,
          1,
          null,
          1,
          1,
          null,
          1,
          4,
          4,
          null,
          null,
          1,
          1,
          2,
          2,
          null,
          null,
          1,
          1,
          null,
          1,
          null,
          null,
          null,
          1,
          1,
          1,
          1,
          1,
          1,
          null,
          null,
          1,
          1,
          null,
          null,
          1,
          null,
          null,
          null,
          1,
          null,
          1,
          1,
          1,
          null,
          null,
          null,
          1,
          1,
          2,
          2,
          null,
          null,
          null,
          null,
          null,
          1,
          2,
          null,
          null,
          1,
          1,
          null,
          1,
          null,
          null,
          null,
          1,
          1,
          null,
          1,
          1,
          1,
          1,
          null,
          null,
          1,
          1,
          null,
          null,
          null,
          null,
          1,
          1,
          null,
          null,
          null,
          1,
          1,
          null,
          1,
          1,
          1,
          1,
          null,
          null,
          null
        ]
      },
      "/Users/soumyaray/Sync/Dropbox/ossdev/classes/SEC-class/projects/credence2024/api-credence/spec/integration/api_collaborators_spec.rb": {
        "lines": [
          null,
          null,
          1,
          null,
          1,
          1,
          null,
          1,
          6,
          null,
          6,
          6,
          6,
          null,
          6,
          6,
          6,
          null,
          6,
          null,
          6,
          null,
          null,
          1,
          1,
          1,
          null,
          1,
          1,
          null,
          1,
          null,
          1,
          1,
          null,
          null,
          1,
          1,
          null,
          1,
          1,
          null,
          1,
          1,
          null,
          null,
          1,
          1,
          null,
          1,
          1,
          1,
          null,
          1,
          1,
          null,
          null,
          null,
          1,
          1,
          1,
          1,
          null,
          1,
          1,
          null,
          1,
          null,
          null,
          1,
          1,
          1,
          null,
          1,
          null,
          1,
          null,
          null,
          1,
          1,
          null,
          1,
          1,
          null,
          1,
          null,
          null,
          null
        ]
      },
      "/Users/soumyaray/Sync/Dropbox/ossdev/classes/SEC-class/projects/credence2024/api-credence/spec/integration/api_documents_spec.rb": {
        "lines": [
          null,
          null,
          1,
          null,
          1,
          1,
          null,
          1,
          8,
          null,
          8,
          8,
          null,
          8,
          8,
          8,
          8,
          null,
          8,
          null,
          null,
          1,
          1,
          1,
          1,
          1,
          null,
          1,
          1,
          1,
          null,
          1,
          1,
          1,
          null,
          null,
          1,
          1,
          1,
          1,
          null,
          1,
          null,
          1,
          null,
          1,
          1,
          null,
          null,
          1,
          1,
          1,
          1,
          null,
          1,
          1,
          null,
          1,
          null,
          1,
          1,
          null,
          null,
          1,
          1,
          1,
          null,
          1,
          null,
          null,
          null,
          1,
          1,
          4,
          4,
          null,
          null,
          1,
          1,
          1,
          1,
          1,
          null,
          1,
          1,
          null,
          1,
          1,
          1,
          null,
          null,
          1,
          1,
          1,
          null,
          1,
          null,
          1,
          1,
          1,
          null,
          null,
          1,
          1,
          null,
          1,
          null,
          1,
          1,
          1,
          null,
          null,
          1,
          1,
          1,
          1,
          1,
          null,
          1,
          1,
          1,
          1,
          null,
          null,
          null
        ]
      },
      "/Users/soumyaray/Sync/Dropbox/ossdev/classes/SEC-class/projects/credence2024/api-credence/spec/integration/api_projects_spec.rb": {
        "lines": [
          null,
          null,
          1,
          null,
          1,
          1,
          null,
          1,
          9,
          null,
          9,
          9,
          null,
          9,
          9,
          null,
          9,
          null,
          null,
          1,
          1,
          1,
          2,
          2,
          null,
          null,
          1,
          1,
          1,
          1,
          null,
          1,
          1,
          null,
          null,
          1,
          1,
          1,
          null,
          1,
          1,
          null,
          null,
          null,
          1,
          1,
          null,
          1,
          1,
          1,
          null,
          1,
          1,
          1,
          null,
          null,
          1,
          1,
          1,
          null,
          1,
          null,
          null,
          1,
          1,
          null,
          1,
          1,
          1,
          null,
          1,
          1,
          null,
          null,
          1,
          1,
          1,
          null,
          1,
          1,
          null,
          null,
          1,
          1,
          null,
          null,
          null,
          1,
          1,
          3,
          null,
          null,
          1,
          1,
          1,
          null,
          1,
          1,
          null,
          1,
          1,
          null,
          1,
          1,
          1,
          null,
          null,
          1,
          1,
          null,
          1,
          null,
          1,
          1,
          1,
          null,
          null,
          1,
          1,
          1,
          null,
          1,
          1,
          null,
          1,
          1,
          null,
          null,
          null
        ]
      },
      "/Users/soumyaray/Sync/Dropbox/ossdev/classes/SEC-class/projects/credence2024/api-credence/spec/integration/api_spec.rb": {
        "lines": [
          null,
          null,
          1,
          null,
          1,
          1,
          1,
          1,
          1,
          null,
          null,
          null
        ]
      },
      "/Users/soumyaray/Sync/Dropbox/ossdev/classes/SEC-class/projects/credence2024/api-credence/spec/integration/service_add_collaborator_spec.rb": {
        "lines": [
          null,
          null,
          1,
          null,
          1,
          1,
          2,
          null,
          2,
          6,
          null,
          null,
          2,
          null,
          2,
          2,
          2,
          2,
          null,
          null,
          1,
          1,
          null,
          1,
          null,
          null,
          null,
          null,
          null,
          1,
          1,
          null,
          null,
          1,
          1,
          null,
          null,
          null,
          null,
          1,
          1,
          null,
          null,
          null,
          null,
          null,
          null,
          null
        ]
      },
      "/Users/soumyaray/Sync/Dropbox/ossdev/classes/SEC-class/projects/credence2024/api-credence/spec/integration/service_authenticate_account_spec.rb": {
        "lines": [
          null,
          null,
          1,
          null,
          1,
          1,
          3,
          null,
          3,
          9,
          null,
          null,
          null,
          1,
          1,
          1,
          null,
          null,
          1,
          null,
          null,
          1,
          1,
          1,
          1,
          null,
          null,
          null,
          null,
          null,
          1,
          1,
          1,
          null,
          null,
          null,
          null,
          null
        ]
      },
      "/Users/soumyaray/Sync/Dropbox/ossdev/classes/SEC-class/projects/credence2024/api-credence/spec/unit/auth_scope_spec.rb": {
        "lines": [
          null,
          null,
          1,
          null,
          1,
          1,
          null,
          1,
          1,
          1,
          1,
          1,
          1,
          null,
          null,
          1,
          1,
          1,
          1,
          1,
          1,
          null,
          null,
          1,
          1,
          1,
          1,
          1,
          1,
          null,
          null,
          1,
          1,
          1,
          1,
          1,
          1,
          1,
          1,
          null,
          null
        ]
      },
      "/Users/soumyaray/Sync/Dropbox/ossdev/classes/SEC-class/projects/credence2024/api-credence/spec/unit/documents_spec.rb": {
        "lines": [
          null,
          null,
          1,
          null,
          1,
          1,
          3,
          null,
          3,
          9,
          null,
          null,
          null,
          1,
          1,
          1,
          1,
          null,
          1,
          1,
          1,
          1,
          1,
          null,
          null,
          1,
          1,
          1,
          1,
          null,
          1,
          null,
          null,
          1,
          1,
          1,
          1,
          1,
          null,
          1,
          1,
          null,
          null
        ]
      },
      "/Users/soumyaray/Sync/Dropbox/ossdev/classes/SEC-class/projects/credence2024/api-credence/spec/unit/passwords_spec.rb": {
        "lines": [
          null,
          null,
          1,
          null,
          1,
          1,
          1,
          1,
          null,
          1,
          null,
          null,
          1,
          1,
          1,
          null,
          1,
          1,
          null,
          null,
          1,
          1,
          1,
          1,
          null,
          1,
          1,
          null,
          null
        ]
      },
      "/Users/soumyaray/Sync/Dropbox/ossdev/classes/SEC-class/projects/credence2024/api-credence/spec/unit/secure_db_spec.rb": {
        "lines": [
          null,
          null,
          1,
          null,
          1,
          1,
          1,
          1,
          1,
          null,
          null,
          1,
          1,
          1,
          1,
          1,
          null,
          null,
          1,
          1,
          1,
          1,
          1,
          null,
          null
        ]
      }
    },
    "timestamp": 1718938523
  }
}
